{"level":"info","message":"Inside PolicyInfoController: uploadFileData method"}
{"level":"info","message":"Inside PolicyInfoService: uploadFileData method"}
{"level":"info","message":"Inside PolicyInfoController: getPolicyInfo method"}
{"level":"info","message":"Inside PolicyInfoService: getPolicyInfo method"}
{"level":"info","message":"Inside PolicyInfoController: getPolicyInfo method"}
{"level":"info","message":"Inside PolicyInfoService: getPolicyInfo method"}
{"level":"info","message":"Inside MessageController: scheduleMessage method"}
{"level":"info","message":"Inside MessageService: saveMessage method"}
{"level":"info","message":"Inside MessageController: scheduleMessage method"}
{"level":"info","message":"Inside MessageService: saveMessage method"}
{"level":"info","message":"Inside MessageController: scheduleMessage method"}
{"level":"info","message":"Inside agendaService: scheduleMessage method"}
{"level":"info","message":"Inside MessageService: saveMessage method"}
{"level":"info","message":"Inside MessageController: scheduleMessage method"}
{"level":"info","message":"Inside agendaService: scheduleMessage method"}
{"level":"error","message":"Inside agendaService: scheduleMessage method , Error while creating agenda jobs"}
{"level":"info","message":"Inside MessageController: scheduleMessage method"}
{"level":"info","message":"Inside agendaService: scheduleMessage method"}
{"level":"error","message":"Inside agendaService: scheduleMessage method , Error while creating agenda jobs"}
{"level":"info","message":"Inside MessageController: scheduleMessage method"}
{"level":"info","message":"Inside agendaService: scheduleMessage method"}
{"level":"info","message":"Inside MessageController: scheduleMessage method"}
{"level":"info","message":"Inside agendaService: scheduleMessage method"}
{"level":"info","message":"Inside MessageController: scheduleMessage method"}
{"level":"info","message":"Inside agendaService: scheduleMessage method"}
{"level":"info","message":"Inside MessageService: saveMessage method"}
{"level":"info","message":"Inside MessageController: scheduleMessage method"}
{"level":"info","message":"Inside agendaService: scheduleMessage method"}
{"level":"info","message":"Inside MessageService: saveMessage method"}
{"level":"info","message":"Inside PolicyInfoController: uploadFileData method"}
{"level":"info","message":"Inside PolicyInfoService: uploadFileData method"}
{"level":"info","message":"Inside PolicyInfoController: getPolicyInfo method"}
{"level":"info","message":"Inside PolicyInfoService: getPolicyInfo method"}
{"level":"info","message":"Inside PolicyInfoController: getPolicyInfo method"}
{"level":"info","message":"Inside PolicyInfoService: getPolicyInfo method"}
{"level":"info","message":"Inside PolicyInfoController: getPolicyInfo method"}
{"level":"info","message":"Inside PolicyInfoService: getPolicyInfo method"}
{"level":"info","message":"Inside PolicyInfoController: getPolicyInfo method"}
{"level":"info","message":"Inside PolicyInfoService: getPolicyInfo method"}
